Unity Editor version:    2021.3.9f1 (ad3870b89536)
Branch:                  2021.3/staging
Build type:              Release
Batch mode:              YES
macOS version:           Version 13.4 (Build 22F66)
Darwin version:          22.5.0
Architecture:            x86_64
Running under Rosetta:   YES
Available memory:        16384 MB
Using pre-set license
Pro License: YES

COMMAND LINE ARGUMENTS:
/Applications/Unity/Hub/Editor/2021.3.9f1/Unity.app/Contents/MacOS/Unity
-adb2
-batchMode
-noUpm
-name
AssetImportWorker0
-projectPath
/Users/alexandercastman/Documents/GitHub/Thedruidsquest/HPMMO
-logFile
Logs/AssetImportWorker0.log
-srvPort
63572
Successfully changed project path to: /Users/alexandercastman/Documents/GitHub/Thedruidsquest/HPMMO
/Users/alexandercastman/Documents/GitHub/Thedruidsquest/HPMMO
[UnityMemory] Configuration Parameters - Can be set up in boot.config
    "memorysetup-bucket-allocator-granularity=16"
    "memorysetup-bucket-allocator-bucket-count=8"
    "memorysetup-bucket-allocator-block-size=33554432"
    "memorysetup-bucket-allocator-block-count=8"
    "memorysetup-main-allocator-block-size=16777216"
    "memorysetup-thread-allocator-block-size=16777216"
    "memorysetup-gfx-main-allocator-block-size=16777216"
    "memorysetup-gfx-thread-allocator-block-size=16777216"
    "memorysetup-cache-allocator-block-size=4194304"
    "memorysetup-typetree-allocator-block-size=2097152"
    "memorysetup-profiler-bucket-allocator-granularity=16"
    "memorysetup-profiler-bucket-allocator-bucket-count=8"
    "memorysetup-profiler-bucket-allocator-block-size=33554432"
    "memorysetup-profiler-bucket-allocator-block-count=8"
    "memorysetup-profiler-allocator-block-size=16777216"
    "memorysetup-profiler-editor-allocator-block-size=1048576"
    "memorysetup-temp-allocator-size-main=16777216"
    "memorysetup-job-temp-allocator-block-size=2097152"
    "memorysetup-job-temp-allocator-block-size-background=1048576"
    "memorysetup-job-temp-allocator-reduction-small-platforms=262144"
    "memorysetup-temp-allocator-size-background-worker=32768"
    "memorysetup-temp-allocator-size-job-worker=262144"
    "memorysetup-temp-allocator-size-preload-manager=33554432"
    "memorysetup-temp-allocator-size-nav-mesh-worker=65536"
    "memorysetup-temp-allocator-size-audio-worker=65536"
    "memorysetup-temp-allocator-size-cloud-worker=32768"
    "memorysetup-temp-allocator-size-gi-baking-worker=262144"
    "memorysetup-temp-allocator-size-gfx=262144"
Refreshing native plugins compatible for Editor in 121.81 ms, found 2 plugins.
Preloading 0 native plugins for Editor in 0.00 ms.
Initialize engine version: 2021.3.9f1 (ad3870b89536)
[Subsystems] Discovering subsystems at path /Applications/Unity/Hub/Editor/2021.3.9f1/Unity.app/Contents/Resources/UnitySubsystems
[Subsystems] Discovering subsystems at path /Users/alexandercastman/Documents/GitHub/Thedruidsquest/HPMMO/Assets
GfxDevice: creating device client; threaded=0; jobified=0
 preferred device: Apple M1 Pro (high power)
Metal devices available: 1
0: Apple M1 Pro (high power)
Using device Apple M1 Pro (high power)
Initializing Metal device caps: Apple M1 Pro
Initialize mono
Mono path[0] = '/Applications/Unity/Hub/Editor/2021.3.9f1/Unity.app/Contents/Managed'
Mono path[1] = '/Applications/Unity/Hub/Editor/2021.3.9f1/Unity.app/Contents/MonoBleedingEdge/lib/mono/unityjit-macos'
Mono config path = '/Applications/Unity/Hub/Editor/2021.3.9f1/Unity.app/Contents/MonoBleedingEdge/etc'
Using monoOptions --debugger-agent=transport=dt_socket,embedding=1,server=y,suspend=n,address=127.0.0.1:56895
Begin MonoManager ReloadAssembly
Registering precompiled unity dll's ...
Register platform support module: /Applications/Unity/Hub/Editor/2021.3.9f1/PlaybackEngines/WebGLSupport/UnityEditor.WebGL.Extensions.dll
Register platform support module: /Applications/Unity/Hub/Editor/2021.3.9f1/Unity.app/Contents/PlaybackEngines/MacStandaloneSupport/UnityEditor.OSXStandalone.Extensions.dll
Register platform support module: /Applications/Unity/Hub/Editor/2021.3.9f1/PlaybackEngines/iOSSupport/UnityEditor.iOS.Extensions.dll
Registered in 0.001910 seconds.
[usbmuxd] Start listen thread
[usbmuxd] Listen thread started
[usbmuxd] Send listen message
Native extension for iOS target not found
Native extension for OSXStandalone target not found
Native extension for WebGL target not found
Refreshing native plugins compatible for Editor in 122.37 ms, found 2 plugins.
Preloading 0 native plugins for Editor in 0.00 ms.
Mono: successfully reloaded assembly
- Completed reload, in  1.655 seconds
Domain Reload Profiling:
	ReloadAssembly (1656ms)
		BeginReloadAssembly (151ms)
			ExecutionOrderSort (0ms)
			DisableScriptedObjects (0ms)
			BackupInstance (0ms)
			ReleaseScriptingObjects (0ms)
			CreateAndSetChildDomain (2ms)
		EndReloadAssembly (1274ms)
			LoadAssemblies (151ms)
			RebuildTransferFunctionScriptingTraits (0ms)
			SetupTypeCache (127ms)
			ReleaseScriptCaches (0ms)
			RebuildScriptCaches (34ms)
			SetupLoadedEditorAssemblies (965ms)
				LogAssemblyErrors (0ms)
				InitializePlatformSupportModulesInManaged (113ms)
				SetLoadedEditorAssemblies (0ms)
				RefreshPlugins (122ms)
				BeforeProcessingInitializeOnLoad (4ms)
				ProcessInitializeOnLoadAttributes (534ms)
				ProcessInitializeOnLoadMethodAttributes (191ms)
				AfterProcessingInitializeOnLoad (0ms)
				EditorAssembliesLoaded (0ms)
			ExecutionOrderSort2 (0ms)
			AwakeInstancesAfterBackupRestoration (0ms)
Platform modules already initialized, skipping
Registering precompiled user dll's ...
Registered in 0.006514 seconds.
Begin MonoManager ReloadAssembly
Symbol file data-0x7f9538068000 doesn't match image /Users/alexandercastman/Documents/GitHub/Thedruidsquest/HPMMO/Library/ScriptAssemblies/Unity.VisualScripting.Flow.Editor.dll
Symbol file LoadedFromMemory is not a mono symbol file
Symbol file data-0x7f9562949800 doesn't match image /Users/alexandercastman/Documents/GitHub/Thedruidsquest/HPMMO/Library/ScriptAssemblies/Unity.VSCode.Editor.dll
Symbol file LoadedFromMemory is not a mono symbol file
Symbol file data-0x7f95583c8000 doesn't match image /Users/alexandercastman/Documents/GitHub/Thedruidsquest/HPMMO/Library/ScriptAssemblies/Unity.TextMeshPro.Editor.dll
Symbol file LoadedFromMemory is not a mono symbol file
Symbol file data-0x7f956294fc00 doesn't match image /Users/alexandercastman/Documents/GitHub/Thedruidsquest/HPMMO/Library/ScriptAssemblies/Unity.Services.Core.Telemetry.dll
Symbol file LoadedFromMemory is not a mono symbol file
Symbol file data-0x7f9538068000 doesn't match image /Users/alexandercastman/Documents/GitHub/Thedruidsquest/HPMMO/Library/ScriptAssemblies/Unity.Performance.Profile-Analyzer.Editor.dll
Symbol file LoadedFromMemory is not a mono symbol file
Symbol file data-0x7f956199bc00 doesn't match image /Users/alexandercastman/Documents/GitHub/Thedruidsquest/HPMMO/Library/ScriptAssemblies/Unity.TestTools.CodeCoverage.Editor.OpenCover.Model.dll
Symbol file LoadedFromMemory is not a mono symbol file
Symbol file data-0x7f9540568000 doesn't match image /Users/alexandercastman/Documents/GitHub/Thedruidsquest/HPMMO/Library/ScriptAssemblies/Unity.VisualStudio.Editor.dll
Symbol file LoadedFromMemory is not a mono symbol file
Symbol file data-0x7f9558688000 doesn't match image /Users/alexandercastman/Documents/GitHub/Thedruidsquest/HPMMO/Library/ScriptAssemblies/Unity.VisualScripting.Core.Editor.dll
Symbol file LoadedFromMemory is not a mono symbol file
Symbol file data-0x7f9562949800 doesn't match image /Users/alexandercastman/Documents/GitHub/Thedruidsquest/HPMMO/Library/ScriptAssemblies/Unity.Services.Core.Networking.dll
Symbol file LoadedFromMemory is not a mono symbol file
Symbol file data-0x7f95583c8000 doesn't match image /Users/alexandercastman/Documents/GitHub/Thedruidsquest/HPMMO/Library/ScriptAssemblies/Unity.TextMeshPro.dll
Symbol file LoadedFromMemory is not a mono symbol file
Symbol file data-0x7f95583f8000 doesn't match image /Users/alexandercastman/Documents/GitHub/Thedruidsquest/HPMMO/Library/ScriptAssemblies/Unity.VisualScripting.State.Editor.dll
Symbol file LoadedFromMemory is not a mono symbol file
Symbol file data-0x7f956311b600 doesn't match image /Users/alexandercastman/Documents/GitHub/Thedruidsquest/HPMMO/Library/ScriptAssemblies/Unity.VisualScripting.SettingsProvider.Editor.dll
Symbol file LoadedFromMemory is not a mono symbol file
Symbol file data-0x7f9562955600 doesn't match image /Users/alexandercastman/Documents/GitHub/Thedruidsquest/HPMMO/Library/ScriptAssemblies/Unity.TestTools.CodeCoverage.Editor.OpenCover.Mono.Reflection.dll
Symbol file LoadedFromMemory is not a mono symbol file
Symbol file data-0x7f95586a0000 doesn't match image /Users/alexandercastman/Documents/GitHub/Thedruidsquest/HPMMO/Library/ScriptAssemblies/Unity.VisualScripting.Flow.dll
Symbol file LoadedFromMemory is not a mono symbol file
Symbol file data-0x7f9528338000 doesn't match image /Users/alexandercastman/Documents/GitHub/Thedruidsquest/HPMMO/Library/ScriptAssemblies/UnityEditor.UI.dll
Symbol file LoadedFromMemory is not a mono symbol file
Symbol file data-0x7f95382c8000 doesn't match image /Users/alexandercastman/Documents/GitHub/Thedruidsquest/HPMMO/Library/ScriptAssemblies/Unity.InputSystem.dll
Symbol file LoadedFromMemory is not a mono symbol file
Symbol file data-0x7f9568838000 doesn't match image /Users/alexandercastman/Documents/GitHub/Thedruidsquest/HPMMO/Library/ScriptAssemblies/Unity.PlasticSCM.Editor.dll
Symbol file LoadedFromMemory is not a mono symbol file
Symbol file data-0x7f9538348000 doesn't match image /Users/alexandercastman/Documents/GitHub/Thedruidsquest/HPMMO/Library/ScriptAssemblies/Unity.Rider.Editor.dll
Symbol file LoadedFromMemory is not a mono symbol file
Symbol file data-0x7f95382c8000 doesn't match image /Users/alexandercastman/Documents/GitHub/Thedruidsquest/HPMMO/Library/ScriptAssemblies/Unity.Services.Core.Internal.dll
Symbol file LoadedFromMemory is not a mono symbol file
Symbol file data-0x7f95405a8000 doesn't match image /Users/alexandercastman/Documents/GitHub/Thedruidsquest/HPMMO/Library/ScriptAssemblies/UnityEngine.UI.dll
Symbol file LoadedFromMemory is not a mono symbol file
Symbol file data-0x7f95622f8400 doesn't match image /Users/alexandercastman/Documents/GitHub/Thedruidsquest/HPMMO/Library/ScriptAssemblies/Unity.Services.Core.Configuration.dll
Symbol file LoadedFromMemory is not a mono symbol file
Symbol file data-0x7f956311b600 doesn't match image /Users/alexandercastman/Documents/GitHub/Thedruidsquest/HPMMO/Library/ScriptAssemblies/Unity.Services.Core.dll
Symbol file LoadedFromMemory is not a mono symbol file
Symbol file data-0x7f9540290000 doesn't match image /Users/alexandercastman/Documents/GitHub/Thedruidsquest/HPMMO/Library/ScriptAssemblies/Unity.VisualScripting.Core.dll
Symbol file LoadedFromMemory is not a mono symbol file
Symbol file data-0x7f9562955600 doesn't match image /Users/alexandercastman/Documents/GitHub/Thedruidsquest/HPMMO/Library/ScriptAssemblies/Unity.EditorCoroutines.Editor.dll
Symbol file LoadedFromMemory is not a mono symbol file
Symbol file data-0x7f95687a0000 doesn't match image /Users/alexandercastman/Documents/GitHub/Thedruidsquest/HPMMO/Library/ScriptAssemblies/Unity.Services.Core.Editor.dll
Symbol file LoadedFromMemory is not a mono symbol file
Symbol file data-0x7f956199bc00 doesn't match image /Users/alexandercastman/Documents/GitHub/Thedruidsquest/HPMMO/Library/ScriptAssemblies/Unity.Services.Core.Configuration.Editor.dll
Symbol file LoadedFromMemory is not a mono symbol file
Symbol file data-0x7f956295c400 doesn't match image /Users/alexandercastman/Documents/GitHub/Thedruidsquest/HPMMO/Library/ScriptAssemblies/Unity.Services.Core.Analytics.dll
Symbol file LoadedFromMemory is not a mono symbol file
Symbol file data-0x7f9563127e00 doesn't match image /Users/alexandercastman/Documents/GitHub/Thedruidsquest/HPMMO/Library/ScriptAssemblies/Unity.Services.Core.Registration.dll
Symbol file LoadedFromMemory is not a mono symbol file
Symbol file data-0x7f956199bc00 doesn't match image /Users/alexandercastman/Documents/GitHub/Thedruidsquest/HPMMO/Library/ScriptAssemblies/Unity.VisualScripting.Shared.Editor.dll
Symbol file LoadedFromMemory is not a mono symbol file
Symbol file data-0x7f95619a4800 doesn't match image /Users/alexandercastman/Documents/GitHub/Thedruidsquest/HPMMO/Library/ScriptAssemblies/Unity.Services.Core.Environments.dll
Symbol file LoadedFromMemory is not a mono symbol file
Symbol file data-0x7f95619a4800 doesn't match image /Users/alexandercastman/Documents/GitHub/Thedruidsquest/HPMMO/Library/ScriptAssemblies/Unity.Settings.Editor.dll
Symbol file LoadedFromMemory is not a mono symbol file
Symbol file data-0x7f95622fb000 doesn't match image /Users/alexandercastman/Documents/GitHub/Thedruidsquest/HPMMO/Library/ScriptAssemblies/Unity.Services.Core.Scheduler.dll
Symbol file LoadedFromMemory is not a mono symbol file
Symbol file data-0x7f956312da00 doesn't match image /Users/alexandercastman/Documents/GitHub/Thedruidsquest/HPMMO/Library/ScriptAssemblies/Unity.Services.Core.Environments.Internal.dll
Symbol file LoadedFromMemory is not a mono symbol file
Symbol file data-0x7f9538308000 doesn't match image /Users/alexandercastman/Documents/GitHub/Thedruidsquest/HPMMO/Library/ScriptAssemblies/Unity.CollabProxy.Editor.dll
Symbol file LoadedFromMemory is not a mono symbol file
Symbol file data-0x7f9563135800 doesn't match image /Users/alexandercastman/Documents/GitHub/Thedruidsquest/HPMMO/Library/ScriptAssemblies/Unity.Services.Core.Threading.dll
Symbol file LoadedFromMemory is not a mono symbol file
Symbol file data-0x7f95586d0000 doesn't match image /Users/alexandercastman/Documents/GitHub/Thedruidsquest/HPMMO/Library/ScriptAssemblies/Unity.TestTools.CodeCoverage.Editor.dll
Symbol file LoadedFromMemory is not a mono symbol file
Symbol file data-0x7f95619a4800 doesn't match image /Users/alexandercastman/Documents/GitHub/Thedruidsquest/HPMMO/Library/ScriptAssemblies/Unity.VisualScripting.State.dll
Symbol file LoadedFromMemory is not a mono symbol file
Symbol file data-0x7f9563135800 doesn't match image /Users/alexandercastman/Documents/GitHub/Thedruidsquest/HPMMO/Library/ScriptAssemblies/Unity.Services.Core.Device.dll
Symbol file LoadedFromMemory is not a mono symbol file
Symbol file LoadedFromMemory doesn't match image /Users/alexandercastman/Documents/GitHub/Thedruidsquest/HPMMO/Library/PackageCache/com.unity.visualscripting@1.7.8/Editor/VisualScripting.Core/Dependencies/YamlDotNet/Unity.VisualScripting.YamlDotNet.dll
Symbol file LoadedFromMemory doesn't match image /Users/alexandercastman/Documents/GitHub/Thedruidsquest/HPMMO/Library/PackageCache/com.unity.visualscripting@1.7.8/Editor/VisualScripting.Core/Dependencies/DotNetZip/Unity.VisualScripting.IonicZip.dll
Native extension for iOS target not found
Native extension for OSXStandalone target not found
Native extension for WebGL target not found
Refreshing native plugins compatible for Editor in 128.14 ms, found 2 plugins.
Preloading 0 native plugins for Editor in 0.00 ms.
Mono: successfully reloaded assembly
- Completed reload, in  3.422 seconds
Domain Reload Profiling:
	ReloadAssembly (3424ms)
		BeginReloadAssembly (306ms)
			ExecutionOrderSort (0ms)
			DisableScriptedObjects (45ms)
			BackupInstance (0ms)
			ReleaseScriptingObjects (0ms)
			CreateAndSetChildDomain (66ms)
		EndReloadAssembly (2821ms)
			LoadAssemblies (170ms)
			RebuildTransferFunctionScriptingTraits (0ms)
			SetupTypeCache (337ms)
			ReleaseScriptCaches (1ms)
			RebuildScriptCaches (65ms)
			SetupLoadedEditorAssemblies (2038ms)
				LogAssemblyErrors (0ms)
				InitializePlatformSupportModulesInManaged (76ms)
				SetLoadedEditorAssemblies (1ms)
				RefreshPlugins (128ms)
				BeforeProcessingInitializeOnLoad (188ms)
				ProcessInitializeOnLoadAttributes (1370ms)
				ProcessInitializeOnLoadMethodAttributes (274ms)
				AfterProcessingInitializeOnLoad (1ms)
				EditorAssembliesLoaded (0ms)
			ExecutionOrderSort2 (0ms)
			AwakeInstancesAfterBackupRestoration (12ms)
Platform modules already initialized, skipping
========================================================================
Worker process is ready to serve import requests
Launching external process: /Applications/Unity/Hub/Editor/2021.3.9f1/Unity.app/Contents/Tools/UnityShaderCompiler
Launched and connected shader compiler UnityShaderCompiler after 0.10 seconds
Refreshing native plugins compatible for Editor in 0.82 ms, found 2 plugins.
Preloading 0 native plugins for Editor in 0.00 ms.
Unloading 4393 Unused Serialized files (Serialized files now loaded: 0)
Unloading 31 unused Assets / (352.6 KB). Loaded Objects now: 4877.
Memory consumption went from 222.8 MB to 222.5 MB.
Total: 3.664000 ms (FindLiveObjects: 0.275458 ms CreateObjectMapping: 0.119791 ms MarkObjects: 3.056667 ms  DeleteObjects: 0.210875 ms)

AssetImportParameters requested are different than current active one (requested -> active):
  custom:video-decoder-ogg-theora: a1e56fd34408186e4bbccfd4996cb3dc -> 
  custom:container-muxer-webm: aa71ff27fc2769a1b78a27578f13a17b -> 
  custom:container-demuxer-webm: 4f35f7cbe854078d1ac9338744f61a02 -> 
  custom:video-encoder-webm-vp8: eb34c28f22e8b96e1ab97ce403110664 -> 
  custom:framework-osx-AVFoundation: e770b220cccbd017edd2c1fefb359320 -> 
  custom:audio-encoder-webm-vorbis: bf7c407c2cedff20999df2af8eb42d56 -> 
  custom:container-demuxer-ogg: 62fdf1f143b41e24485cea50d1cbac27 -> 
  custom:video-decoder-webm-vp8: 9c59270c3fd7afecdb556c50c9e8de78 -> 
  custom:audio-decoder-ogg-vorbis: bf7c407c2cedff20999df2af8eb42d56 -> 
========================================================================
Received Import Request.
  Time since last request: 403309.642779 seconds.
  path: Assets/GUI/Shaders/Rounded.shader
  artifactKey: Guid(e0647e3fc891c4d299febc05c343aec9) Importer(815301076,1909f56bfc062723c751e8b465ee728b)
Start importing Assets/GUI/Shaders/Rounded.shader using Guid(e0647e3fc891c4d299febc05c343aec9) Importer(815301076,1909f56bfc062723c751e8b465ee728b)  -> (artifact id: 'f94e45a85ea8623dcac407bfe8ea4930') in 0.221856 seconds 
========================================================================
Received Import Request.
  Time since last request: 21.434991 seconds.
  path: Assets/GUI/Shaders/Rounded.shader
  artifactKey: Guid(e0647e3fc891c4d299febc05c343aec9) Importer(815301076,1909f56bfc062723c751e8b465ee728b)
Start importing Assets/GUI/Shaders/Rounded.shader using Guid(e0647e3fc891c4d299febc05c343aec9) Importer(815301076,1909f56bfc062723c751e8b465ee728b)  -> (artifact id: 'f0bad210dbf326d14a446d888f296eea') in 0.002260 seconds 
========================================================================
Received Import Request.
  Time since last request: 20.483807 seconds.
  path: Assets/GUI/Shaders/Rounded.shader
  artifactKey: Guid(e0647e3fc891c4d299febc05c343aec9) Importer(815301076,1909f56bfc062723c751e8b465ee728b)
Start importing Assets/GUI/Shaders/Rounded.shader using Guid(e0647e3fc891c4d299febc05c343aec9) Importer(815301076,1909f56bfc062723c751e8b465ee728b)  -> (artifact id: '4a56b38d580a6a312f6a2a9816db0693') in 0.001328 seconds 
========================================================================
Received Import Request.
  Time since last request: 7.656973 seconds.
  path: Assets/GUI/Shaders/Rounded.shader
  artifactKey: Guid(e0647e3fc891c4d299febc05c343aec9) Importer(815301076,1909f56bfc062723c751e8b465ee728b)
Start importing Assets/GUI/Shaders/Rounded.shader using Guid(e0647e3fc891c4d299febc05c343aec9) Importer(815301076,1909f56bfc062723c751e8b465ee728b)  -> (artifact id: 'c3f9ba76282721021d12b3aa598e355d') in 0.001309 seconds 
========================================================================
Received Import Request.
  Time since last request: 10.660025 seconds.
  path: Assets/GUI/Shaders/Rounded.shader
  artifactKey: Guid(e0647e3fc891c4d299febc05c343aec9) Importer(815301076,1909f56bfc062723c751e8b465ee728b)
Start importing Assets/GUI/Shaders/Rounded.shader using Guid(e0647e3fc891c4d299febc05c343aec9) Importer(815301076,1909f56bfc062723c751e8b465ee728b)  -> (artifact id: '6cff90991748fba54c39b57fc70f9007') in 0.001381 seconds 
========================================================================
Received Import Request.
  Time since last request: 9.425779 seconds.
  path: Assets/GUI/Shaders/Rounded.shader
  artifactKey: Guid(e0647e3fc891c4d299febc05c343aec9) Importer(815301076,1909f56bfc062723c751e8b465ee728b)
Start importing Assets/GUI/Shaders/Rounded.shader using Guid(e0647e3fc891c4d299febc05c343aec9) Importer(815301076,1909f56bfc062723c751e8b465ee728b)  -> (artifact id: '9aeca12a55a5819535823a8bda2ef50d') in 0.001457 seconds 
========================================================================
Received Import Request.
  Time since last request: 11.975690 seconds.
  path: Assets/GUI/Shaders/Rounded.shader
  artifactKey: Guid(e0647e3fc891c4d299febc05c343aec9) Importer(815301076,1909f56bfc062723c751e8b465ee728b)
Start importing Assets/GUI/Shaders/Rounded.shader using Guid(e0647e3fc891c4d299febc05c343aec9) Importer(815301076,1909f56bfc062723c751e8b465ee728b)  -> (artifact id: '6ca2662271839a52f0ba7c3f52599a74') in 0.001311 seconds 
========================================================================
Received Import Request.
  Time since last request: 4.850378 seconds.
  path: Assets/GUI/Shaders/Rounded.shader
  artifactKey: Guid(e0647e3fc891c4d299febc05c343aec9) Importer(815301076,1909f56bfc062723c751e8b465ee728b)
Start importing Assets/GUI/Shaders/Rounded.shader using Guid(e0647e3fc891c4d299febc05c343aec9) Importer(815301076,1909f56bfc062723c751e8b465ee728b)  -> (artifact id: 'aef632f90cb54d76930c80dd46129a7b') in 0.001264 seconds 
========================================================================
Received Import Request.
  Time since last request: 5.158596 seconds.
  path: Assets/GUI/Shaders/Rounded.shader
  artifactKey: Guid(e0647e3fc891c4d299febc05c343aec9) Importer(815301076,1909f56bfc062723c751e8b465ee728b)
Start importing Assets/GUI/Shaders/Rounded.shader using Guid(e0647e3fc891c4d299febc05c343aec9) Importer(815301076,1909f56bfc062723c751e8b465ee728b)  -> (artifact id: 'fcab8fc9a1ecb3a73ca876731945aec0') in 0.001359 seconds 
========================================================================
Received Import Request.
  Time since last request: 43.953878 seconds.
  path: Assets/GUI/Shaders/Rounded.shader
  artifactKey: Guid(e0647e3fc891c4d299febc05c343aec9) Importer(815301076,1909f56bfc062723c751e8b465ee728b)
Start importing Assets/GUI/Shaders/Rounded.shader using Guid(e0647e3fc891c4d299febc05c343aec9) Importer(815301076,1909f56bfc062723c751e8b465ee728b)  -> (artifact id: '20230c752ddc3ba72d1d39df21648872') in 0.001378 seconds 
